  Camera.cpp
  Direct3D11.cpp
  GameObject.cpp
  Gui.cpp
  Input.cpp
  ObCircle.cpp
  ObImage.cpp
  ObLine.cpp
  ObRect.cpp
  ObStar.cpp
  ObTileMap.cpp
  Random.cpp
  SceneManager.cpp
  Shader.cpp
  Sound.cpp
  Texture.cpp
C:\Users\joeje\Downloads\cpp_learning\Framework_2\Framework2\2DFrameWork\Texture.cpp(29,68): warning C4267: '=': 'size_t'에서 'int'(으)로 변환하면서 데이터가 손실될 수 있습니다.
C:\Users\joeje\Downloads\cpp_learning\Framework_2\Framework2\2DFrameWork\Texture.cpp(30,69): warning C4267: '=': 'size_t'에서 'int'(으)로 변환하면서 데이터가 손실될 수 있습니다.
C:\Users\joeje\Downloads\cpp_learning\Framework_2\Framework2\2DFrameWork\ObTileMap.cpp(167,48): warning C4244: '=': 'int'에서 'float'(으)로 변환하면서 데이터가 손실될 수 있습니다.
C:\Users\joeje\Downloads\cpp_learning\Framework_2\Framework2\2DFrameWork\ObTileMap.cpp(169,47): warning C4244: '=': 'int'에서 'float'(으)로 변환하면서 데이터가 손실될 수 있습니다.
C:\Users\joeje\Downloads\cpp_learning\Framework_2\Framework2\2DFrameWork\ObTileMap.cpp(196,24): warning C4018: '<': signed 또는 unsigned가 일치하지 않습니다.
C:\Users\joeje\Downloads\cpp_learning\Framework_2\Framework2\2DFrameWork\ObTileMap.cpp(198,28): warning C4018: '<': signed 또는 unsigned가 일치하지 않습니다.
C:\Users\joeje\Downloads\cpp_learning\Framework_2\Framework2\2DFrameWork\ObTileMap.cpp(238,26): warning C4244: '=': 'float'에서 'int'(으)로 변환하면서 데이터가 손실될 수 있습니다.
C:\Users\joeje\Downloads\cpp_learning\Framework_2\Framework2\2DFrameWork\ObTileMap.cpp(239,26): warning C4244: '=': 'float'에서 'int'(으)로 변환하면서 데이터가 손실될 수 있습니다.
C:\Users\joeje\Downloads\cpp_learning\Framework_2\Framework2\2DFrameWork\ObTileMap.cpp(558,33): warning C4244: 'return': 'float'에서 'int'(으)로 변환하면서 데이터가 손실될 수 있습니다.
C:\Program Files (x86)\Microsoft Visual Studio\2019\Community\VC\Tools\MSVC\14.29.30133\include\xstring(2541,23): warning C4244: '인수': 'wchar_t'에서 'const _Elem'(으)로 변환하면서 데이터가 손실될 수 있습니다.
          with
          [
              _Elem=char
          ] (소스 파일 컴파일 중 ObTileMap.cpp)
C:\Program Files (x86)\Microsoft Visual Studio\2019\Community\VC\Tools\MSVC\14.29.30133\include\xstring(2552): message : 컴파일되는 함수 템플릿 인스턴스화 'void std::basic_string<char,std::char_traits<char>,std::allocator<char>>::_Construct<_InIt>(_Iter,const _Iter,std::input_iterator_tag)'에 대한 참조를 확인하세요.
          with
          [
              _InIt=wchar_t *,
              _Iter=wchar_t *
          ] (소스 파일 컴파일 중 ObTileMap.cpp)
C:\Program Files (x86)\Microsoft Visual Studio\2019\Community\VC\Tools\MSVC\14.29.30133\include\xstring(2552): message : 컴파일되는 함수 템플릿 인스턴스화 'void std::basic_string<char,std::char_traits<char>,std::allocator<char>>::_Construct<_InIt>(_Iter,const _Iter,std::input_iterator_tag)'에 대한 참조를 확인하세요.
          with
          [
              _InIt=wchar_t *,
              _Iter=wchar_t *
          ] (소스 파일 컴파일 중 ObTileMap.cpp)
C:\Program Files (x86)\Microsoft Visual Studio\2019\Community\VC\Tools\MSVC\14.29.30133\include\xstring(2532): message : 컴파일되는 함수 템플릿 인스턴스화 'void std::basic_string<char,std::char_traits<char>,std::allocator<char>>::_Construct<_InIt>(const _Iter,const _Iter,std::forward_iterator_tag)'에 대한 참조를 확인하세요.
          with
          [
              _InIt=wchar_t *,
              _Iter=wchar_t *
          ] (소스 파일 컴파일 중 ObTileMap.cpp)
C:\Program Files (x86)\Microsoft Visual Studio\2019\Community\VC\Tools\MSVC\14.29.30133\include\xstring(2532): message : 컴파일되는 함수 템플릿 인스턴스화 'void std::basic_string<char,std::char_traits<char>,std::allocator<char>>::_Construct<_InIt>(const _Iter,const _Iter,std::forward_iterator_tag)'에 대한 참조를 확인하세요.
          with
          [
              _InIt=wchar_t *,
              _Iter=wchar_t *
          ] (소스 파일 컴파일 중 ObTileMap.cpp)
C:\Program Files (x86)\Microsoft Visual Studio\2019\Community\VC\Tools\MSVC\14.29.30133\include\xstring(3260): message : 컴파일되는 함수 템플릿 인스턴스화 'std::basic_string<char,std::char_traits<char>,std::allocator<char>>::basic_string<wchar_t*,0>(_Iter,_Iter,const _Alloc &)'에 대한 참조를 확인하세요.
          with
          [
              _Iter=wchar_t *,
              _Alloc=std::allocator<char>
          ] (소스 파일 컴파일 중 ObTileMap.cpp)
C:\Program Files (x86)\Microsoft Visual Studio\2019\Community\VC\Tools\MSVC\14.29.30133\include\xstring(3260): message : 컴파일되는 함수 템플릿 인스턴스화 'std::basic_string<char,std::char_traits<char>,std::allocator<char>>::basic_string<wchar_t*,0>(_Iter,_Iter,const _Alloc &)'에 대한 참조를 확인하세요.
          with
          [
              _Iter=wchar_t *,
              _Alloc=std::allocator<char>
          ] (소스 파일 컴파일 중 ObTileMap.cpp)
C:\Users\joeje\Downloads\cpp_learning\Framework_2\Framework2\2DFrameWork\ObTileMap.cpp(260): message : 컴파일되는 함수 템플릿 인스턴스화 'std::basic_string<char,std::char_traits<char>,std::allocator<char>> &std::basic_string<char,std::char_traits<char>,std::allocator<char>>::assign<std::_String_iterator<std::_String_val<std::_Simple_types<_Elem>>>,0>(const _Iter,const _Iter)'에 대한 참조를 확인하세요.
          with
          [
              _Elem=wchar_t,
              _Iter=std::_String_iterator<std::_String_val<std::_Simple_types<wchar_t>>>
          ]
C:\Users\joeje\Downloads\cpp_learning\Framework_2\Framework2\2DFrameWork\ObTileMap.cpp(260): message : 컴파일되는 함수 템플릿 인스턴스화 'std::basic_string<char,std::char_traits<char>,std::allocator<char>> &std::basic_string<char,std::char_traits<char>,std::allocator<char>>::assign<std::_String_iterator<std::_String_val<std::_Simple_types<_Elem>>>,0>(const _Iter,const _Iter)'에 대한 참조를 확인하세요.
          with
          [
              _Elem=wchar_t,
              _Iter=std::_String_iterator<std::_String_val<std::_Simple_types<wchar_t>>>
          ]
C:\Users\joeje\Downloads\cpp_learning\Framework_2\Framework2\2DFrameWork\GameObject.cpp(170): warning C4715: 'GameObject::Intersect': 모든 제어 경로에서 값을 반환하지는 않습니다.
  Timer.cpp
  Utility.cpp
  Window.cpp
  2DFrameWork.vcxproj -> C:\Users\joeje\Downloads\cpp_learning\Framework_2\Framework2\Build\2DFrameWork\2DFrameWork.lib
