  Camera.cpp
  Direct3D11.cpp
  GameObject.cpp
  Gui.cpp
  Input.cpp
  ObCircle.cpp
  ObImage.cpp
  ObLine.cpp
  ObRect.cpp
  ObStar.cpp
  Random.cpp
  SceneManager.cpp
  Shader.cpp
  Sound.cpp
  Texture.cpp
  Timer.cpp
C:\Users\joeje\Downloads\framework\Framework\Framework\2DFrameWork\Texture.cpp(31,49): warning C4267: '=': 'size_t'에서 'int'(으)로 변환하면서 데이터가 손실될 수 있습니다.
C:\Users\joeje\Downloads\framework\Framework\Framework\2DFrameWork\Texture.cpp(32,51): warning C4267: '=': 'size_t'에서 'int'(으)로 변환하면서 데이터가 손실될 수 있습니다.
C:\Users\joeje\Downloads\framework\Framework\Framework\2DFrameWork\GameObject.cpp(166): warning C4715: 'GameObject::Intersect': 모든 제어 경로에서 값을 반환하지는 않습니다.
  Utility.cpp
  Window.cpp
  2DFrameWork.vcxproj -> C:\Users\joeje\Downloads\framework\Framework\Framework\Build\2DFrameWork\2DFrameWork.lib
